[4.021s] Invoking command in '/mnt/dietpi_userdata/roboBeach/src/vision_package': PYTHONPATH=/mnt/dietpi_userdata/roboBeach/build/vision_package/prefix_override:/usr/local/lib/python3.11/dist-packages/colcon_core/task/python/colcon_distutils_commands:/mnt/dietpi_userdata/roboBeach/install/vision_package/lib/python3.11/site-packages:${PYTHONPATH} /usr/bin/python3 -W ignore:setup.py install is deprecated -W ignore:easy_install command is deprecated setup.py egg_info --egg-base ../../build/vision_package build --build-base /mnt/dietpi_userdata/roboBeach/build/vision_package/build install --record /mnt/dietpi_userdata/roboBeach/build/vision_package/install.log --single-version-externally-managed install_data
[4.797s] running egg_info
[4.797s] creating ../../build/vision_package/vision_package.egg-info
[4.827s] writing ../../build/vision_package/vision_package.egg-info/PKG-INFO
[4.827s] writing dependency_links to ../../build/vision_package/vision_package.egg-info/dependency_links.txt
[4.827s] writing requirements to ../../build/vision_package/vision_package.egg-info/requires.txt
[4.828s] writing top-level names to ../../build/vision_package/vision_package.egg-info/top_level.txt
[4.828s] writing manifest file '../../build/vision_package/vision_package.egg-info/SOURCES.txt'
[4.969s] ERROR setuptools_scm._file_finders.git listing git files failed - pretending there aren't any
[4.972s] reading manifest file '../../build/vision_package/vision_package.egg-info/SOURCES.txt'
[4.972s] writing manifest file '../../build/vision_package/vision_package.egg-info/SOURCES.txt'
[4.972s] running build
[4.972s] running build_py
[4.972s] creating /mnt/dietpi_userdata/roboBeach/build/vision_package/build
[4.973s] creating /mnt/dietpi_userdata/roboBeach/build/vision_package/build/lib
[4.973s] creating /mnt/dietpi_userdata/roboBeach/build/vision_package/build/lib/vision_package
[4.975s] copying vision_package/__init__.py -> /mnt/dietpi_userdata/roboBeach/build/vision_package/build/lib/vision_package
[4.975s] running install
[4.989s] running install_lib
[5.026s] creating /mnt/dietpi_userdata/roboBeach/install/vision_package/lib/python3.11/site-packages/vision_package
[5.026s] copying /mnt/dietpi_userdata/roboBeach/build/vision_package/build/lib/vision_package/__init__.py -> /mnt/dietpi_userdata/roboBeach/install/vision_package/lib/python3.11/site-packages/vision_package
[5.030s] byte-compiling /mnt/dietpi_userdata/roboBeach/install/vision_package/lib/python3.11/site-packages/vision_package/__init__.py to __init__.cpython-311.pyc
[5.031s] running install_data
[5.031s] creating /mnt/dietpi_userdata/roboBeach/install/vision_package/share/ament_index
[5.032s] creating /mnt/dietpi_userdata/roboBeach/install/vision_package/share/ament_index/resource_index
[5.032s] creating /mnt/dietpi_userdata/roboBeach/install/vision_package/share/ament_index/resource_index/packages
[5.033s] copying resource/vision_package -> /mnt/dietpi_userdata/roboBeach/install/vision_package/share/ament_index/resource_index/packages
[5.034s] copying package.xml -> /mnt/dietpi_userdata/roboBeach/install/vision_package/share/vision_package
[5.034s] running install_egg_info
[5.069s] Copying ../../build/vision_package/vision_package.egg-info to /mnt/dietpi_userdata/roboBeach/install/vision_package/lib/python3.11/site-packages/vision_package-0.0.0-py3.11.egg-info
[5.069s] running install_scripts
[5.469s] writing list of installed files to '/mnt/dietpi_userdata/roboBeach/build/vision_package/install.log'
[5.587s] Invoked command in '/mnt/dietpi_userdata/roboBeach/src/vision_package' returned '0': PYTHONPATH=/mnt/dietpi_userdata/roboBeach/build/vision_package/prefix_override:/usr/local/lib/python3.11/dist-packages/colcon_core/task/python/colcon_distutils_commands:/mnt/dietpi_userdata/roboBeach/install/vision_package/lib/python3.11/site-packages:${PYTHONPATH} /usr/bin/python3 -W ignore:setup.py install is deprecated -W ignore:easy_install command is deprecated setup.py egg_info --egg-base ../../build/vision_package build --build-base /mnt/dietpi_userdata/roboBeach/build/vision_package/build install --record /mnt/dietpi_userdata/roboBeach/build/vision_package/install.log --single-version-externally-managed install_data
