[3.993s] Invoking command in '/mnt/dietpi_userdata/roboBeach/src/sensor_package': PYTHONPATH=/mnt/dietpi_userdata/roboBeach/build/sensor_package/prefix_override:/usr/local/lib/python3.11/dist-packages/colcon_core/task/python/colcon_distutils_commands:/mnt/dietpi_userdata/roboBeach/install/sensor_package/lib/python3.11/site-packages:${PYTHONPATH} /usr/bin/python3 -W ignore:setup.py install is deprecated -W ignore:easy_install command is deprecated setup.py egg_info --egg-base ../../build/sensor_package build --build-base /mnt/dietpi_userdata/roboBeach/build/sensor_package/build install --record /mnt/dietpi_userdata/roboBeach/build/sensor_package/install.log --single-version-externally-managed install_data
[4.773s] running egg_info
[4.774s] creating ../../build/sensor_package/sensor_package.egg-info
[4.808s] writing ../../build/sensor_package/sensor_package.egg-info/PKG-INFO
[4.810s] writing dependency_links to ../../build/sensor_package/sensor_package.egg-info/dependency_links.txt
[4.811s] writing requirements to ../../build/sensor_package/sensor_package.egg-info/requires.txt
[4.811s] writing top-level names to ../../build/sensor_package/sensor_package.egg-info/top_level.txt
[4.811s] writing manifest file '../../build/sensor_package/sensor_package.egg-info/SOURCES.txt'
[4.968s] reading manifest file '../../build/sensor_package/sensor_package.egg-info/SOURCES.txt'
[4.969s] ERROR setuptools_scm._file_finders.git listing git files failed - pretending there aren't any
[4.969s] writing manifest file '../../build/sensor_package/sensor_package.egg-info/SOURCES.txt'
[4.970s] running build
[4.970s] running build_py
[4.971s] creating /mnt/dietpi_userdata/roboBeach/build/sensor_package/build
[4.971s] creating /mnt/dietpi_userdata/roboBeach/build/sensor_package/build/lib
[4.971s] creating /mnt/dietpi_userdata/roboBeach/build/sensor_package/build/lib/sensor_package
[4.971s] copying sensor_package/__init__.py -> /mnt/dietpi_userdata/roboBeach/build/sensor_package/build/lib/sensor_package
[4.971s] running install
[4.982s] running install_lib
[5.019s] creating /mnt/dietpi_userdata/roboBeach/install/sensor_package/lib/python3.11/site-packages/sensor_package
[5.019s] copying /mnt/dietpi_userdata/roboBeach/build/sensor_package/build/lib/sensor_package/__init__.py -> /mnt/dietpi_userdata/roboBeach/install/sensor_package/lib/python3.11/site-packages/sensor_package
[5.022s] byte-compiling /mnt/dietpi_userdata/roboBeach/install/sensor_package/lib/python3.11/site-packages/sensor_package/__init__.py to __init__.cpython-311.pyc
[5.022s] running install_data
[5.022s] creating /mnt/dietpi_userdata/roboBeach/install/sensor_package/share/ament_index
[5.022s] creating /mnt/dietpi_userdata/roboBeach/install/sensor_package/share/ament_index/resource_index
[5.022s] creating /mnt/dietpi_userdata/roboBeach/install/sensor_package/share/ament_index/resource_index/packages
[5.022s] copying resource/sensor_package -> /mnt/dietpi_userdata/roboBeach/install/sensor_package/share/ament_index/resource_index/packages
[5.023s] copying package.xml -> /mnt/dietpi_userdata/roboBeach/install/sensor_package/share/sensor_package
[5.023s] running install_egg_info
[5.053s] Copying ../../build/sensor_package/sensor_package.egg-info to /mnt/dietpi_userdata/roboBeach/install/sensor_package/lib/python3.11/site-packages/sensor_package-0.0.0-py3.11.egg-info
[5.054s] running install_scripts
[5.407s] writing list of installed files to '/mnt/dietpi_userdata/roboBeach/build/sensor_package/install.log'
[5.574s] Invoked command in '/mnt/dietpi_userdata/roboBeach/src/sensor_package' returned '0': PYTHONPATH=/mnt/dietpi_userdata/roboBeach/build/sensor_package/prefix_override:/usr/local/lib/python3.11/dist-packages/colcon_core/task/python/colcon_distutils_commands:/mnt/dietpi_userdata/roboBeach/install/sensor_package/lib/python3.11/site-packages:${PYTHONPATH} /usr/bin/python3 -W ignore:setup.py install is deprecated -W ignore:easy_install command is deprecated setup.py egg_info --egg-base ../../build/sensor_package build --build-base /mnt/dietpi_userdata/roboBeach/build/sensor_package/build install --record /mnt/dietpi_userdata/roboBeach/build/sensor_package/install.log --single-version-externally-managed install_data
