[4.038s] Invoking command in '/mnt/dietpi_userdata/roboBeach/src/decision_package': PYTHONPATH=/mnt/dietpi_userdata/roboBeach/build/decision_package/prefix_override:/usr/local/lib/python3.11/dist-packages/colcon_core/task/python/colcon_distutils_commands:/mnt/dietpi_userdata/roboBeach/install/decision_package/lib/python3.11/site-packages:${PYTHONPATH} /usr/bin/python3 -W ignore:setup.py install is deprecated -W ignore:easy_install command is deprecated setup.py egg_info --egg-base ../../build/decision_package build --build-base /mnt/dietpi_userdata/roboBeach/build/decision_package/build install --record /mnt/dietpi_userdata/roboBeach/build/decision_package/install.log --single-version-externally-managed install_data
[4.841s] running egg_info
[4.842s] creating ../../build/decision_package/decision_package.egg-info
[4.880s] writing ../../build/decision_package/decision_package.egg-info/PKG-INFO
[4.880s] writing dependency_links to ../../build/decision_package/decision_package.egg-info/dependency_links.txt
[4.881s] writing requirements to ../../build/decision_package/decision_package.egg-info/requires.txt
[4.881s] writing top-level names to ../../build/decision_package/decision_package.egg-info/top_level.txt
[4.881s] writing manifest file '../../build/decision_package/decision_package.egg-info/SOURCES.txt'
[5.023s] ERROR setuptools_scm._file_finders.git listing git files failed - pretending there aren't any
[5.028s] reading manifest file '../../build/decision_package/decision_package.egg-info/SOURCES.txt'
[5.029s] writing manifest file '../../build/decision_package/decision_package.egg-info/SOURCES.txt'
[5.031s] running build
[5.031s] running build_py
[5.031s] creating /mnt/dietpi_userdata/roboBeach/build/decision_package/build
[5.031s] creating /mnt/dietpi_userdata/roboBeach/build/decision_package/build/lib
[5.031s] creating /mnt/dietpi_userdata/roboBeach/build/decision_package/build/lib/decision_package
[5.032s] copying decision_package/__init__.py -> /mnt/dietpi_userdata/roboBeach/build/decision_package/build/lib/decision_package
[5.032s] running install
[5.048s] running install_lib
[5.099s] creating /mnt/dietpi_userdata/roboBeach/install/decision_package/lib/python3.11/site-packages/decision_package
[5.099s] copying /mnt/dietpi_userdata/roboBeach/build/decision_package/build/lib/decision_package/__init__.py -> /mnt/dietpi_userdata/roboBeach/install/decision_package/lib/python3.11/site-packages/decision_package
[5.100s] byte-compiling /mnt/dietpi_userdata/roboBeach/install/decision_package/lib/python3.11/site-packages/decision_package/__init__.py to __init__.cpython-311.pyc
[5.101s] running install_data
[5.101s] creating /mnt/dietpi_userdata/roboBeach/install/decision_package/share/ament_index
[5.101s] creating /mnt/dietpi_userdata/roboBeach/install/decision_package/share/ament_index/resource_index
[5.101s] creating /mnt/dietpi_userdata/roboBeach/install/decision_package/share/ament_index/resource_index/packages
[5.102s] copying resource/decision_package -> /mnt/dietpi_userdata/roboBeach/install/decision_package/share/ament_index/resource_index/packages
[5.102s] copying package.xml -> /mnt/dietpi_userdata/roboBeach/install/decision_package/share/decision_package
[5.102s] running install_egg_info
[5.138s] Copying ../../build/decision_package/decision_package.egg-info to /mnt/dietpi_userdata/roboBeach/install/decision_package/lib/python3.11/site-packages/decision_package-0.0.0-py3.11.egg-info
[5.139s] running install_scripts
[5.508s] writing list of installed files to '/mnt/dietpi_userdata/roboBeach/build/decision_package/install.log'
[5.654s] Invoked command in '/mnt/dietpi_userdata/roboBeach/src/decision_package' returned '0': PYTHONPATH=/mnt/dietpi_userdata/roboBeach/build/decision_package/prefix_override:/usr/local/lib/python3.11/dist-packages/colcon_core/task/python/colcon_distutils_commands:/mnt/dietpi_userdata/roboBeach/install/decision_package/lib/python3.11/site-packages:${PYTHONPATH} /usr/bin/python3 -W ignore:setup.py install is deprecated -W ignore:easy_install command is deprecated setup.py egg_info --egg-base ../../build/decision_package build --build-base /mnt/dietpi_userdata/roboBeach/build/decision_package/build install --record /mnt/dietpi_userdata/roboBeach/build/decision_package/install.log --single-version-externally-managed install_data
