running egg_info
creating ../../build/motor_package/motor_package.egg-info
writing ../../build/motor_package/motor_package.egg-info/PKG-INFO
writing dependency_links to ../../build/motor_package/motor_package.egg-info/dependency_links.txt
writing requirements to ../../build/motor_package/motor_package.egg-info/requires.txt
writing top-level names to ../../build/motor_package/motor_package.egg-info/top_level.txt
writing manifest file '../../build/motor_package/motor_package.egg-info/SOURCES.txt'
reading manifest file '../../build/motor_package/motor_package.egg-info/SOURCES.txt'
writing manifest file '../../build/motor_package/motor_package.egg-info/SOURCES.txt'
running build
running build_py
creating /mnt/dietpi_userdata/roboBeach/build/motor_package/build
creating /mnt/dietpi_userdata/roboBeach/build/motor_package/build/lib
creating /mnt/dietpi_userdata/roboBeach/build/motor_package/build/lib/motor_package
copying motor_package/__init__.py -> /mnt/dietpi_userdata/roboBeach/build/motor_package/build/lib/motor_package
running install
running install_lib
creating /mnt/dietpi_userdata/roboBeach/install/motor_package/lib/python3.11/site-packages/motor_package
copying /mnt/dietpi_userdata/roboBeach/build/motor_package/build/lib/motor_package/__init__.py -> /mnt/dietpi_userdata/roboBeach/install/motor_package/lib/python3.11/site-packages/motor_package
byte-compiling /mnt/dietpi_userdata/roboBeach/install/motor_package/lib/python3.11/site-packages/motor_package/__init__.py to __init__.cpython-311.pyc
running install_data
creating /mnt/dietpi_userdata/roboBeach/install/motor_package/share/ament_index
creating /mnt/dietpi_userdata/roboBeach/install/motor_package/share/ament_index/resource_index
creating /mnt/dietpi_userdata/roboBeach/install/motor_package/share/ament_index/resource_index/packages
copying resource/motor_package -> /mnt/dietpi_userdata/roboBeach/install/motor_package/share/ament_index/resource_index/packages
copying package.xml -> /mnt/dietpi_userdata/roboBeach/install/motor_package/share/motor_package
running install_egg_info
Copying ../../build/motor_package/motor_package.egg-info to /mnt/dietpi_userdata/roboBeach/install/motor_package/lib/python3.11/site-packages/motor_package-0.0.0-py3.11.egg-info
running install_scripts
writing list of installed files to '/mnt/dietpi_userdata/roboBeach/build/motor_package/install.log'
