[4.022s] Invoking command in '/mnt/dietpi_userdata/roboBeach/src/motor_package': PYTHONPATH=/mnt/dietpi_userdata/roboBeach/build/motor_package/prefix_override:/usr/local/lib/python3.11/dist-packages/colcon_core/task/python/colcon_distutils_commands:/mnt/dietpi_userdata/roboBeach/install/motor_package/lib/python3.11/site-packages:${PYTHONPATH} /usr/bin/python3 -W ignore:setup.py install is deprecated -W ignore:easy_install command is deprecated setup.py egg_info --egg-base ../../build/motor_package build --build-base /mnt/dietpi_userdata/roboBeach/build/motor_package/build install --record /mnt/dietpi_userdata/roboBeach/build/motor_package/install.log --single-version-externally-managed install_data
[4.804s] running egg_info
[4.804s] creating ../../build/motor_package/motor_package.egg-info
[4.839s] writing ../../build/motor_package/motor_package.egg-info/PKG-INFO
[4.839s] writing dependency_links to ../../build/motor_package/motor_package.egg-info/dependency_links.txt
[4.840s] writing requirements to ../../build/motor_package/motor_package.egg-info/requires.txt
[4.840s] writing top-level names to ../../build/motor_package/motor_package.egg-info/top_level.txt
[4.840s] writing manifest file '../../build/motor_package/motor_package.egg-info/SOURCES.txt'
[4.983s] ERROR setuptools_scm._file_finders.git listing git files failed - pretending there aren't any
[4.984s] reading manifest file '../../build/motor_package/motor_package.egg-info/SOURCES.txt'
[4.985s] writing manifest file '../../build/motor_package/motor_package.egg-info/SOURCES.txt'
[4.986s] running build
[4.986s] running build_py
[4.986s] creating /mnt/dietpi_userdata/roboBeach/build/motor_package/build
[4.986s] creating /mnt/dietpi_userdata/roboBeach/build/motor_package/build/lib
[4.986s] creating /mnt/dietpi_userdata/roboBeach/build/motor_package/build/lib/motor_package
[4.987s] copying motor_package/__init__.py -> /mnt/dietpi_userdata/roboBeach/build/motor_package/build/lib/motor_package
[4.987s] running install
[4.999s] running install_lib
[5.036s] creating /mnt/dietpi_userdata/roboBeach/install/motor_package/lib/python3.11/site-packages/motor_package
[5.036s] copying /mnt/dietpi_userdata/roboBeach/build/motor_package/build/lib/motor_package/__init__.py -> /mnt/dietpi_userdata/roboBeach/install/motor_package/lib/python3.11/site-packages/motor_package
[5.040s] byte-compiling /mnt/dietpi_userdata/roboBeach/install/motor_package/lib/python3.11/site-packages/motor_package/__init__.py to __init__.cpython-311.pyc
[5.040s] running install_data
[5.041s] creating /mnt/dietpi_userdata/roboBeach/install/motor_package/share/ament_index
[5.041s] creating /mnt/dietpi_userdata/roboBeach/install/motor_package/share/ament_index/resource_index
[5.041s] creating /mnt/dietpi_userdata/roboBeach/install/motor_package/share/ament_index/resource_index/packages
[5.041s] copying resource/motor_package -> /mnt/dietpi_userdata/roboBeach/install/motor_package/share/ament_index/resource_index/packages
[5.041s] copying package.xml -> /mnt/dietpi_userdata/roboBeach/install/motor_package/share/motor_package
[5.042s] running install_egg_info
[5.073s] Copying ../../build/motor_package/motor_package.egg-info to /mnt/dietpi_userdata/roboBeach/install/motor_package/lib/python3.11/site-packages/motor_package-0.0.0-py3.11.egg-info
[5.074s] running install_scripts
[5.434s] writing list of installed files to '/mnt/dietpi_userdata/roboBeach/build/motor_package/install.log'
[5.582s] Invoked command in '/mnt/dietpi_userdata/roboBeach/src/motor_package' returned '0': PYTHONPATH=/mnt/dietpi_userdata/roboBeach/build/motor_package/prefix_override:/usr/local/lib/python3.11/dist-packages/colcon_core/task/python/colcon_distutils_commands:/mnt/dietpi_userdata/roboBeach/install/motor_package/lib/python3.11/site-packages:${PYTHONPATH} /usr/bin/python3 -W ignore:setup.py install is deprecated -W ignore:easy_install command is deprecated setup.py egg_info --egg-base ../../build/motor_package build --build-base /mnt/dietpi_userdata/roboBeach/build/motor_package/build install --record /mnt/dietpi_userdata/roboBeach/build/motor_package/install.log --single-version-externally-managed install_data
